INFO - 2024-09-26 05:33:01 --> Session: Class initialized using 'CodeIgniter\Session\Handlers\FileHandler' driver.
INFO - 2024-09-26 05:34:30 --> Session: Class initialized using 'CodeIgniter\Session\Handlers\FileHandler' driver.
INFO - 2024-09-26 05:35:08 --> Session: Class initialized using 'CodeIgniter\Session\Handlers\FileHandler' driver.
INFO - 2024-09-26 05:36:49 --> Session: Class initialized using 'CodeIgniter\Session\Handlers\FileHandler' driver.
CRITICAL - 2024-09-26 05:36:54 --> Error: Call to a member function where() on null
[Method: GET, Route: Muebles/Edit/1]
in APPPATH\Controllers\MueblesC.php on line 85.
 1 SYSTEMPATH\CodeIgniter.php(933): App\Controllers\MueblesC->Edit('1')
 2 SYSTEMPATH\CodeIgniter.php(509): CodeIgniter\CodeIgniter->runController(Object(App\Controllers\MueblesC))
 3 SYSTEMPATH\CodeIgniter.php(355): CodeIgniter\CodeIgniter->handleRequest(null, Object(Config\Cache), false)
 4 SYSTEMPATH\Boot.php(325): CodeIgniter\CodeIgniter->run()
 5 SYSTEMPATH\Boot.php(67): CodeIgniter\Boot::runCodeIgniter(Object(CodeIgniter\CodeIgniter))
 6 FCPATH\index.php(56): CodeIgniter\Boot::bootWeb(Object(Config\Paths))
 7 SYSTEMPATH\rewrite.php(44): require_once('C:\\xampp\\htdocs\\muebleria\\public\\index.php')
CRITICAL - 2024-09-26 05:42:52 --> ErrorException: Undefined array key "idCliente"
[Method: POST, Route: Clientes/update/]
in APPPATH\Controllers\ClienteC.php on line 53.
 1 APPPATH\Controllers\ClienteC.php(53): CodeIgniter\Debug\Exceptions->errorHandler(2, 'Undefined array key "idCliente"', 'C:\\xampp\\htdocs\\muebleria\\app\\Controllers\\ClienteC.php', 53)
 2 SYSTEMPATH\CodeIgniter.php(933): App\Controllers\ClienteC->update('')
 3 SYSTEMPATH\CodeIgniter.php(509): CodeIgniter\CodeIgniter->runController(Object(App\Controllers\ClienteC))
 4 SYSTEMPATH\CodeIgniter.php(355): CodeIgniter\CodeIgniter->handleRequest(null, Object(Config\Cache), false)
 5 SYSTEMPATH\Boot.php(325): CodeIgniter\CodeIgniter->run()
 6 SYSTEMPATH\Boot.php(67): CodeIgniter\Boot::runCodeIgniter(Object(CodeIgniter\CodeIgniter))
 7 FCPATH\index.php(56): CodeIgniter\Boot::bootWeb(Object(Config\Paths))
 8 SYSTEMPATH\rewrite.php(44): require_once('C:\\xampp\\htdocs\\muebleria\\public\\index.php')
CRITICAL - 2024-09-26 05:45:30 --> ErrorException: Undefined array key "idCliente"
[Method: POST, Route: Clientes/update/]
in APPPATH\Controllers\ClienteC.php on line 53.
 1 APPPATH\Controllers\ClienteC.php(53): CodeIgniter\Debug\Exceptions->errorHandler(2, 'Undefined array key "idCliente"', 'C:\\xampp\\htdocs\\muebleria\\app\\Controllers\\ClienteC.php', 53)
 2 SYSTEMPATH\CodeIgniter.php(933): App\Controllers\ClienteC->update('')
 3 SYSTEMPATH\CodeIgniter.php(509): CodeIgniter\CodeIgniter->runController(Object(App\Controllers\ClienteC))
 4 SYSTEMPATH\CodeIgniter.php(355): CodeIgniter\CodeIgniter->handleRequest(null, Object(Config\Cache), false)
 5 SYSTEMPATH\Boot.php(325): CodeIgniter\CodeIgniter->run()
 6 SYSTEMPATH\Boot.php(67): CodeIgniter\Boot::runCodeIgniter(Object(CodeIgniter\CodeIgniter))
 7 FCPATH\index.php(56): CodeIgniter\Boot::bootWeb(Object(Config\Paths))
 8 SYSTEMPATH\rewrite.php(44): require_once('C:\\xampp\\htdocs\\muebleria\\public\\index.php')
CRITICAL - 2024-09-26 05:45:34 --> ErrorException: Undefined array key "idCliente"
[Method: POST, Route: Clientes/update/]
in APPPATH\Controllers\ClienteC.php on line 53.
 1 APPPATH\Controllers\ClienteC.php(53): CodeIgniter\Debug\Exceptions->errorHandler(2, 'Undefined array key "idCliente"', 'C:\\xampp\\htdocs\\muebleria\\app\\Controllers\\ClienteC.php', 53)
 2 SYSTEMPATH\CodeIgniter.php(933): App\Controllers\ClienteC->update('')
 3 SYSTEMPATH\CodeIgniter.php(509): CodeIgniter\CodeIgniter->runController(Object(App\Controllers\ClienteC))
 4 SYSTEMPATH\CodeIgniter.php(355): CodeIgniter\CodeIgniter->handleRequest(null, Object(Config\Cache), false)
 5 SYSTEMPATH\Boot.php(325): CodeIgniter\CodeIgniter->run()
 6 SYSTEMPATH\Boot.php(67): CodeIgniter\Boot::runCodeIgniter(Object(CodeIgniter\CodeIgniter))
 7 FCPATH\index.php(56): CodeIgniter\Boot::bootWeb(Object(Config\Paths))
 8 SYSTEMPATH\rewrite.php(44): require_once('C:\\xampp\\htdocs\\muebleria\\public\\index.php')
CRITICAL - 2024-09-26 05:54:26 --> ErrorException: Undefined array key "idCliente"
[Method: POST, Route: Clientes/update/]
in APPPATH\Controllers\ClienteC.php on line 53.
 1 APPPATH\Controllers\ClienteC.php(53): CodeIgniter\Debug\Exceptions->errorHandler(2, 'Undefined array key "idCliente"', 'C:\\xampp\\htdocs\\muebleria\\app\\Controllers\\ClienteC.php', 53)
 2 SYSTEMPATH\CodeIgniter.php(933): App\Controllers\ClienteC->update('')
 3 SYSTEMPATH\CodeIgniter.php(509): CodeIgniter\CodeIgniter->runController(Object(App\Controllers\ClienteC))
 4 SYSTEMPATH\CodeIgniter.php(355): CodeIgniter\CodeIgniter->handleRequest(null, Object(Config\Cache), false)
 5 SYSTEMPATH\Boot.php(325): CodeIgniter\CodeIgniter->run()
 6 SYSTEMPATH\Boot.php(67): CodeIgniter\Boot::runCodeIgniter(Object(CodeIgniter\CodeIgniter))
 7 FCPATH\index.php(56): CodeIgniter\Boot::bootWeb(Object(Config\Paths))
 8 SYSTEMPATH\rewrite.php(44): require_once('C:\\xampp\\htdocs\\muebleria\\public\\index.php')
CRITICAL - 2024-09-26 05:56:11 --> ErrorException: Undefined array key "idCliente"
[Method: POST, Route: Clientes/update/]
in APPPATH\Controllers\ClienteC.php on line 53.
 1 APPPATH\Controllers\ClienteC.php(53): CodeIgniter\Debug\Exceptions->errorHandler(2, 'Undefined array key "idCliente"', 'C:\\xampp\\htdocs\\muebleria\\app\\Controllers\\ClienteC.php', 53)
 2 SYSTEMPATH\CodeIgniter.php(933): App\Controllers\ClienteC->update('')
 3 SYSTEMPATH\CodeIgniter.php(509): CodeIgniter\CodeIgniter->runController(Object(App\Controllers\ClienteC))
 4 SYSTEMPATH\CodeIgniter.php(355): CodeIgniter\CodeIgniter->handleRequest(null, Object(Config\Cache), false)
 5 SYSTEMPATH\Boot.php(325): CodeIgniter\CodeIgniter->run()
 6 SYSTEMPATH\Boot.php(67): CodeIgniter\Boot::runCodeIgniter(Object(CodeIgniter\CodeIgniter))
 7 FCPATH\index.php(56): CodeIgniter\Boot::bootWeb(Object(Config\Paths))
 8 SYSTEMPATH\rewrite.php(44): require_once('C:\\xampp\\htdocs\\muebleria\\public\\index.php')
CRITICAL - 2024-09-26 05:58:48 --> ErrorException: Undefined variable $idMuebles
[Method: GET, Route: Muebles/delete/1]
in APPPATH\Controllers\MueblesC.php on line 142.
 1 APPPATH\Controllers\MueblesC.php(142): CodeIgniter\Debug\Exceptions->errorHandler(2, 'Undefined variable $idMuebles', 'C:\\xampp\\htdocs\\muebleria\\app\\Controllers\\MueblesC.php', 142)
 2 SYSTEMPATH\CodeIgniter.php(933): App\Controllers\MueblesC->delete('1')
 3 SYSTEMPATH\CodeIgniter.php(509): CodeIgniter\CodeIgniter->runController(Object(App\Controllers\MueblesC))
 4 SYSTEMPATH\CodeIgniter.php(355): CodeIgniter\CodeIgniter->handleRequest(null, Object(Config\Cache), false)
 5 SYSTEMPATH\Boot.php(325): CodeIgniter\CodeIgniter->run()
 6 SYSTEMPATH\Boot.php(67): CodeIgniter\Boot::runCodeIgniter(Object(CodeIgniter\CodeIgniter))
 7 FCPATH\index.php(56): CodeIgniter\Boot::bootWeb(Object(Config\Paths))
 8 SYSTEMPATH\rewrite.php(44): require_once('C:\\xampp\\htdocs\\muebleria\\public\\index.php')
INFO - 2024-09-26 06:01:37 --> Session: Class initialized using 'CodeIgniter\Session\Handlers\FileHandler' driver.
INFO - 2024-09-26 06:01:40 --> Session: Class initialized using 'CodeIgniter\Session\Handlers\FileHandler' driver.
INFO - 2024-09-26 06:13:25 --> Session: Class initialized using 'CodeIgniter\Session\Handlers\FileHandler' driver.
INFO - 2024-09-26 06:18:27 --> Session: Class initialized using 'CodeIgniter\Session\Handlers\FileHandler' driver.
INFO - 2024-09-26 06:18:37 --> Session: Class initialized using 'CodeIgniter\Session\Handlers\FileHandler' driver.
INFO - 2024-09-26 06:26:47 --> Session: Class initialized using 'CodeIgniter\Session\Handlers\FileHandler' driver.
INFO - 2024-09-26 15:42:23 --> Session: Class initialized using 'CodeIgniter\Session\Handlers\FileHandler' driver.
INFO - 2024-09-26 16:54:23 --> Session: Class initialized using 'CodeIgniter\Session\Handlers\FileHandler' driver.
INFO - 2024-09-26 19:57:40 --> Session: Class initialized using 'CodeIgniter\Session\Handlers\FileHandler' driver.
INFO - 2024-09-26 19:58:13 --> Session: Class initialized using 'CodeIgniter\Session\Handlers\FileHandler' driver.
INFO - 2024-09-26 20:01:42 --> Session: Class initialized using 'CodeIgniter\Session\Handlers\FileHandler' driver.
