INFO - 2024-11-24 19:16:52 --> Session: Class initialized using 'CodeIgniter\Session\Handlers\FileHandler' driver.
INFO - 2024-11-24 19:17:05 --> Session: Class initialized using 'CodeIgniter\Session\Handlers\FileHandler' driver.
ERROR - 2024-11-24 19:17:25 --> mysqli_sql_exception: Cannot add or update a child row: a foreign key constraint fails (`muebleria`.`empleado`, CONSTRAINT `fk_empleado_usuario` FOREIGN KEY (`idUsuario`) REFERENCES `usuario` (`idUsuario`)) in C:\xampp\htdocs\muebleria\system\Database\MySQLi\Connection.php:312
Stack trace:
#0 C:\xampp\htdocs\muebleria\system\Database\MySQLi\Connection.php(312): mysqli->query('INSERT INTO `Em...', 0)
#1 C:\xampp\htdocs\muebleria\system\Database\BaseConnection.php(734): CodeIgniter\Database\MySQLi\Connection->execute('INSERT INTO `Em...')
#2 C:\xampp\htdocs\muebleria\system\Database\BaseConnection.php(648): CodeIgniter\Database\BaseConnection->simpleQuery('INSERT INTO `Em...')
#3 C:\xampp\htdocs\muebleria\system\Database\BaseBuilder.php(2340): CodeIgniter\Database\BaseConnection->query('INSERT INTO `Em...', Array, false)
#4 C:\xampp\htdocs\muebleria\system\Model.php(394): CodeIgniter\Database\BaseBuilder->insert()
#5 C:\xampp\htdocs\muebleria\system\BaseModel.php(840): CodeIgniter\Model->doInsert(Array)
#6 C:\xampp\htdocs\muebleria\system\Model.php(802): CodeIgniter\BaseModel->insert(Array, true)
#7 C:\xampp\htdocs\muebleria\app\Controllers\EmpleadoC.php(132): CodeIgniter\Model->insert(Array)
#8 C:\xampp\htdocs\muebleria\system\CodeIgniter.php(933): App\Controllers\EmpleadoC->insert()
#9 C:\xampp\htdocs\muebleria\system\CodeIgniter.php(509): CodeIgniter\CodeIgniter->runController(Object(App\Controllers\EmpleadoC))
#10 C:\xampp\htdocs\muebleria\system\CodeIgniter.php(355): CodeIgniter\CodeIgniter->handleRequest(NULL, Object(Config\Cache), false)
#11 C:\xampp\htdocs\muebleria\system\Boot.php(325): CodeIgniter\CodeIgniter->run()
#12 C:\xampp\htdocs\muebleria\system\Boot.php(67): CodeIgniter\Boot::runCodeIgniter(Object(CodeIgniter\CodeIgniter))
#13 C:\xampp\htdocs\muebleria\public\index.php(56): CodeIgniter\Boot::bootWeb(Object(Config\Paths))
#14 C:\xampp\htdocs\muebleria\system\rewrite.php(44): require_once('C:\\xampp\\htdocs...')
#15 {main}
CRITICAL - 2024-11-24 19:17:25 --> CodeIgniter\Database\Exceptions\DatabaseException: Cannot add or update a child row: a foreign key constraint fails (`muebleria`.`empleado`, CONSTRAINT `fk_empleado_usuario` FOREIGN KEY (`idUsuario`) REFERENCES `usuario` (`idUsuario`))
[Method: POST, Route: Empleados/insert]
in SYSTEMPATH\Database\BaseConnection.php on line 688.
 1 SYSTEMPATH\Database\BaseBuilder.php(2340): CodeIgniter\Database\BaseConnection->query('INSERT INTO `Empleado` (`nombreEmpleado`, `apellidoEmpleado`, `fechaREmpleado`, `telefonoEmpleado`, `fechaSEmpleado`, `created_at`, `updated_at`) VALUES (:nombreEmpleado:, :apellidoEmpleado:, :fechaREmpleado:, :telefonoEmpleado:, :fechaSEmpleado:, :created_at:, :updated_at:)', [...], false)
 2 SYSTEMPATH\Model.php(394): CodeIgniter\Database\BaseBuilder->insert()
 3 SYSTEMPATH\BaseModel.php(840): CodeIgniter\Model->doInsert([...])
 4 SYSTEMPATH\Model.php(802): CodeIgniter\BaseModel->insert([...], true)
 5 APPPATH\Controllers\EmpleadoC.php(132): CodeIgniter\Model->insert([...])
 6 SYSTEMPATH\CodeIgniter.php(933): App\Controllers\EmpleadoC->insert()
 7 SYSTEMPATH\CodeIgniter.php(509): CodeIgniter\CodeIgniter->runController(Object(App\Controllers\EmpleadoC))
 8 SYSTEMPATH\CodeIgniter.php(355): CodeIgniter\CodeIgniter->handleRequest(null, Object(Config\Cache), false)
 9 SYSTEMPATH\Boot.php(325): CodeIgniter\CodeIgniter->run()
10 SYSTEMPATH\Boot.php(67): CodeIgniter\Boot::runCodeIgniter(Object(CodeIgniter\CodeIgniter))
11 FCPATH\index.php(56): CodeIgniter\Boot::bootWeb(Object(Config\Paths))
12 SYSTEMPATH\rewrite.php(44): require_once('C:\\xampp\\htdocs\\muebleria\\public\\index.php')
CRITICAL - 2024-11-24 19:17:25 --> [Caused by] CodeIgniter\Database\Exceptions\DatabaseException: Cannot add or update a child row: a foreign key constraint fails (`muebleria`.`empleado`, CONSTRAINT `fk_empleado_usuario` FOREIGN KEY (`idUsuario`) REFERENCES `usuario` (`idUsuario`))
in SYSTEMPATH\Database\MySQLi\Connection.php on line 317.
 1 SYSTEMPATH\Database\BaseConnection.php(734): CodeIgniter\Database\MySQLi\Connection->execute('INSERT INTO `Empleado` (`nombreEmpleado`, `apellidoEmpleado`, `fechaREmpleado`, `telefonoEmpleado`, `fechaSEmpleado`, `created_at`, `updated_at`) VALUES (\'sus\', \'sus\', \'2024-11-28\', \'1324243\', \'2024-11-19\', \'2024-11-24 19:17:25\', \'2024-11-24 19:17:25\')')
 2 SYSTEMPATH\Database\BaseConnection.php(648): CodeIgniter\Database\BaseConnection->simpleQuery('INSERT INTO `Empleado` (`nombreEmpleado`, `apellidoEmpleado`, `fechaREmpleado`, `telefonoEmpleado`, `fechaSEmpleado`, `created_at`, `updated_at`) VALUES (\'sus\', \'sus\', \'2024-11-28\', \'1324243\', \'2024-11-19\', \'2024-11-24 19:17:25\', \'2024-11-24 19:17:25\')')
 3 SYSTEMPATH\Database\BaseBuilder.php(2340): CodeIgniter\Database\BaseConnection->query('INSERT INTO `Empleado` (`nombreEmpleado`, `apellidoEmpleado`, `fechaREmpleado`, `telefonoEmpleado`, `fechaSEmpleado`, `created_at`, `updated_at`) VALUES (:nombreEmpleado:, :apellidoEmpleado:, :fechaREmpleado:, :telefonoEmpleado:, :fechaSEmpleado:, :created_at:, :updated_at:)', [...], false)
 4 SYSTEMPATH\Model.php(394): CodeIgniter\Database\BaseBuilder->insert()
 5 SYSTEMPATH\BaseModel.php(840): CodeIgniter\Model->doInsert([...])
 6 SYSTEMPATH\Model.php(802): CodeIgniter\BaseModel->insert([...], true)
 7 APPPATH\Controllers\EmpleadoC.php(132): CodeIgniter\Model->insert([...])
 8 SYSTEMPATH\CodeIgniter.php(933): App\Controllers\EmpleadoC->insert()
 9 SYSTEMPATH\CodeIgniter.php(509): CodeIgniter\CodeIgniter->runController(Object(App\Controllers\EmpleadoC))
10 SYSTEMPATH\CodeIgniter.php(355): CodeIgniter\CodeIgniter->handleRequest(null, Object(Config\Cache), false)
11 SYSTEMPATH\Boot.php(325): CodeIgniter\CodeIgniter->run()
12 SYSTEMPATH\Boot.php(67): CodeIgniter\Boot::runCodeIgniter(Object(CodeIgniter\CodeIgniter))
13 FCPATH\index.php(56): CodeIgniter\Boot::bootWeb(Object(Config\Paths))
14 SYSTEMPATH\rewrite.php(44): require_once('C:\\xampp\\htdocs\\muebleria\\public\\index.php')
CRITICAL - 2024-11-24 19:17:25 --> [Caused by] mysqli_sql_exception: Cannot add or update a child row: a foreign key constraint fails (`muebleria`.`empleado`, CONSTRAINT `fk_empleado_usuario` FOREIGN KEY (`idUsuario`) REFERENCES `usuario` (`idUsuario`))
in SYSTEMPATH\Database\MySQLi\Connection.php on line 312.
 1 SYSTEMPATH\Database\MySQLi\Connection.php(312): mysqli->query('INSERT INTO `Empleado` (`nombreEmpleado`, `apellidoEmpleado`, `fechaREmpleado`, `telefonoEmpleado`, `fechaSEmpleado`, `created_at`, `updated_at`) VALUES (\'sus\', \'sus\', \'2024-11-28\', \'1324243\', \'2024-11-19\', \'2024-11-24 19:17:25\', \'2024-11-24 19:17:25\')', 0)
 2 SYSTEMPATH\Database\BaseConnection.php(734): CodeIgniter\Database\MySQLi\Connection->execute('INSERT INTO `Empleado` (`nombreEmpleado`, `apellidoEmpleado`, `fechaREmpleado`, `telefonoEmpleado`, `fechaSEmpleado`, `created_at`, `updated_at`) VALUES (\'sus\', \'sus\', \'2024-11-28\', \'1324243\', \'2024-11-19\', \'2024-11-24 19:17:25\', \'2024-11-24 19:17:25\')')
 3 SYSTEMPATH\Database\BaseConnection.php(648): CodeIgniter\Database\BaseConnection->simpleQuery('INSERT INTO `Empleado` (`nombreEmpleado`, `apellidoEmpleado`, `fechaREmpleado`, `telefonoEmpleado`, `fechaSEmpleado`, `created_at`, `updated_at`) VALUES (\'sus\', \'sus\', \'2024-11-28\', \'1324243\', \'2024-11-19\', \'2024-11-24 19:17:25\', \'2024-11-24 19:17:25\')')
 4 SYSTEMPATH\Database\BaseBuilder.php(2340): CodeIgniter\Database\BaseConnection->query('INSERT INTO `Empleado` (`nombreEmpleado`, `apellidoEmpleado`, `fechaREmpleado`, `telefonoEmpleado`, `fechaSEmpleado`, `created_at`, `updated_at`) VALUES (:nombreEmpleado:, :apellidoEmpleado:, :fechaREmpleado:, :telefonoEmpleado:, :fechaSEmpleado:, :created_at:, :updated_at:)', [...], false)
 5 SYSTEMPATH\Model.php(394): CodeIgniter\Database\BaseBuilder->insert()
 6 SYSTEMPATH\BaseModel.php(840): CodeIgniter\Model->doInsert([...])
 7 SYSTEMPATH\Model.php(802): CodeIgniter\BaseModel->insert([...], true)
 8 APPPATH\Controllers\EmpleadoC.php(132): CodeIgniter\Model->insert([...])
 9 SYSTEMPATH\CodeIgniter.php(933): App\Controllers\EmpleadoC->insert()
10 SYSTEMPATH\CodeIgniter.php(509): CodeIgniter\CodeIgniter->runController(Object(App\Controllers\EmpleadoC))
11 SYSTEMPATH\CodeIgniter.php(355): CodeIgniter\CodeIgniter->handleRequest(null, Object(Config\Cache), false)
12 SYSTEMPATH\Boot.php(325): CodeIgniter\CodeIgniter->run()
13 SYSTEMPATH\Boot.php(67): CodeIgniter\Boot::runCodeIgniter(Object(CodeIgniter\CodeIgniter))
14 FCPATH\index.php(56): CodeIgniter\Boot::bootWeb(Object(Config\Paths))
15 SYSTEMPATH\rewrite.php(44): require_once('C:\\xampp\\htdocs\\muebleria\\public\\index.php')
ERROR - 2024-11-24 19:23:50 --> mysqli_sql_exception: Cannot add or update a child row: a foreign key constraint fails (`muebleria`.`empleado`, CONSTRAINT `fk_empleado_usuario` FOREIGN KEY (`idUsuario`) REFERENCES `usuario` (`idUsuario`)) in C:\xampp\htdocs\muebleria\system\Database\MySQLi\Connection.php:312
Stack trace:
#0 C:\xampp\htdocs\muebleria\system\Database\MySQLi\Connection.php(312): mysqli->query('INSERT INTO `Em...', 0)
#1 C:\xampp\htdocs\muebleria\system\Database\BaseConnection.php(734): CodeIgniter\Database\MySQLi\Connection->execute('INSERT INTO `Em...')
#2 C:\xampp\htdocs\muebleria\system\Database\BaseConnection.php(648): CodeIgniter\Database\BaseConnection->simpleQuery('INSERT INTO `Em...')
#3 C:\xampp\htdocs\muebleria\system\Database\BaseBuilder.php(2340): CodeIgniter\Database\BaseConnection->query('INSERT INTO `Em...', Array, false)
#4 C:\xampp\htdocs\muebleria\system\Model.php(394): CodeIgniter\Database\BaseBuilder->insert()
#5 C:\xampp\htdocs\muebleria\system\BaseModel.php(840): CodeIgniter\Model->doInsert(Array)
#6 C:\xampp\htdocs\muebleria\system\Model.php(802): CodeIgniter\BaseModel->insert(Array, true)
#7 C:\xampp\htdocs\muebleria\app\Controllers\EmpleadoC.php(132): CodeIgniter\Model->insert(Array)
#8 C:\xampp\htdocs\muebleria\system\CodeIgniter.php(933): App\Controllers\EmpleadoC->insert()
#9 C:\xampp\htdocs\muebleria\system\CodeIgniter.php(509): CodeIgniter\CodeIgniter->runController(Object(App\Controllers\EmpleadoC))
#10 C:\xampp\htdocs\muebleria\system\CodeIgniter.php(355): CodeIgniter\CodeIgniter->handleRequest(NULL, Object(Config\Cache), false)
#11 C:\xampp\htdocs\muebleria\system\Boot.php(325): CodeIgniter\CodeIgniter->run()
#12 C:\xampp\htdocs\muebleria\system\Boot.php(67): CodeIgniter\Boot::runCodeIgniter(Object(CodeIgniter\CodeIgniter))
#13 C:\xampp\htdocs\muebleria\public\index.php(56): CodeIgniter\Boot::bootWeb(Object(Config\Paths))
#14 C:\xampp\htdocs\muebleria\system\rewrite.php(44): require_once('C:\\xampp\\htdocs...')
#15 {main}
CRITICAL - 2024-11-24 19:23:50 --> CodeIgniter\Database\Exceptions\DatabaseException: Cannot add or update a child row: a foreign key constraint fails (`muebleria`.`empleado`, CONSTRAINT `fk_empleado_usuario` FOREIGN KEY (`idUsuario`) REFERENCES `usuario` (`idUsuario`))
[Method: POST, Route: Empleados/insert]
in SYSTEMPATH\Database\BaseConnection.php on line 688.
 1 SYSTEMPATH\Database\BaseBuilder.php(2340): CodeIgniter\Database\BaseConnection->query('INSERT INTO `Empleado` (`nombreEmpleado`, `apellidoEmpleado`, `fechaREmpleado`, `telefonoEmpleado`, `fechaSEmpleado`, `created_at`, `updated_at`) VALUES (:nombreEmpleado:, :apellidoEmpleado:, :fechaREmpleado:, :telefonoEmpleado:, :fechaSEmpleado:, :created_at:, :updated_at:)', [...], false)
 2 SYSTEMPATH\Model.php(394): CodeIgniter\Database\BaseBuilder->insert()
 3 SYSTEMPATH\BaseModel.php(840): CodeIgniter\Model->doInsert([...])
 4 SYSTEMPATH\Model.php(802): CodeIgniter\BaseModel->insert([...], true)
 5 APPPATH\Controllers\EmpleadoC.php(132): CodeIgniter\Model->insert([...])
 6 SYSTEMPATH\CodeIgniter.php(933): App\Controllers\EmpleadoC->insert()
 7 SYSTEMPATH\CodeIgniter.php(509): CodeIgniter\CodeIgniter->runController(Object(App\Controllers\EmpleadoC))
 8 SYSTEMPATH\CodeIgniter.php(355): CodeIgniter\CodeIgniter->handleRequest(null, Object(Config\Cache), false)
 9 SYSTEMPATH\Boot.php(325): CodeIgniter\CodeIgniter->run()
10 SYSTEMPATH\Boot.php(67): CodeIgniter\Boot::runCodeIgniter(Object(CodeIgniter\CodeIgniter))
11 FCPATH\index.php(56): CodeIgniter\Boot::bootWeb(Object(Config\Paths))
12 SYSTEMPATH\rewrite.php(44): require_once('C:\\xampp\\htdocs\\muebleria\\public\\index.php')
CRITICAL - 2024-11-24 19:23:50 --> [Caused by] CodeIgniter\Database\Exceptions\DatabaseException: Cannot add or update a child row: a foreign key constraint fails (`muebleria`.`empleado`, CONSTRAINT `fk_empleado_usuario` FOREIGN KEY (`idUsuario`) REFERENCES `usuario` (`idUsuario`))
in SYSTEMPATH\Database\MySQLi\Connection.php on line 317.
 1 SYSTEMPATH\Database\BaseConnection.php(734): CodeIgniter\Database\MySQLi\Connection->execute('INSERT INTO `Empleado` (`nombreEmpleado`, `apellidoEmpleado`, `fechaREmpleado`, `telefonoEmpleado`, `fechaSEmpleado`, `created_at`, `updated_at`) VALUES (\'sus\', \'sus\', \'2024-11-28\', \'1324243\', \'2024-11-19\', \'2024-11-24 19:23:50\', \'2024-11-24 19:23:50\')')
 2 SYSTEMPATH\Database\BaseConnection.php(648): CodeIgniter\Database\BaseConnection->simpleQuery('INSERT INTO `Empleado` (`nombreEmpleado`, `apellidoEmpleado`, `fechaREmpleado`, `telefonoEmpleado`, `fechaSEmpleado`, `created_at`, `updated_at`) VALUES (\'sus\', \'sus\', \'2024-11-28\', \'1324243\', \'2024-11-19\', \'2024-11-24 19:23:50\', \'2024-11-24 19:23:50\')')
 3 SYSTEMPATH\Database\BaseBuilder.php(2340): CodeIgniter\Database\BaseConnection->query('INSERT INTO `Empleado` (`nombreEmpleado`, `apellidoEmpleado`, `fechaREmpleado`, `telefonoEmpleado`, `fechaSEmpleado`, `created_at`, `updated_at`) VALUES (:nombreEmpleado:, :apellidoEmpleado:, :fechaREmpleado:, :telefonoEmpleado:, :fechaSEmpleado:, :created_at:, :updated_at:)', [...], false)
 4 SYSTEMPATH\Model.php(394): CodeIgniter\Database\BaseBuilder->insert()
 5 SYSTEMPATH\BaseModel.php(840): CodeIgniter\Model->doInsert([...])
 6 SYSTEMPATH\Model.php(802): CodeIgniter\BaseModel->insert([...], true)
 7 APPPATH\Controllers\EmpleadoC.php(132): CodeIgniter\Model->insert([...])
 8 SYSTEMPATH\CodeIgniter.php(933): App\Controllers\EmpleadoC->insert()
 9 SYSTEMPATH\CodeIgniter.php(509): CodeIgniter\CodeIgniter->runController(Object(App\Controllers\EmpleadoC))
10 SYSTEMPATH\CodeIgniter.php(355): CodeIgniter\CodeIgniter->handleRequest(null, Object(Config\Cache), false)
11 SYSTEMPATH\Boot.php(325): CodeIgniter\CodeIgniter->run()
12 SYSTEMPATH\Boot.php(67): CodeIgniter\Boot::runCodeIgniter(Object(CodeIgniter\CodeIgniter))
13 FCPATH\index.php(56): CodeIgniter\Boot::bootWeb(Object(Config\Paths))
14 SYSTEMPATH\rewrite.php(44): require_once('C:\\xampp\\htdocs\\muebleria\\public\\index.php')
CRITICAL - 2024-11-24 19:23:50 --> [Caused by] mysqli_sql_exception: Cannot add or update a child row: a foreign key constraint fails (`muebleria`.`empleado`, CONSTRAINT `fk_empleado_usuario` FOREIGN KEY (`idUsuario`) REFERENCES `usuario` (`idUsuario`))
in SYSTEMPATH\Database\MySQLi\Connection.php on line 312.
 1 SYSTEMPATH\Database\MySQLi\Connection.php(312): mysqli->query('INSERT INTO `Empleado` (`nombreEmpleado`, `apellidoEmpleado`, `fechaREmpleado`, `telefonoEmpleado`, `fechaSEmpleado`, `created_at`, `updated_at`) VALUES (\'sus\', \'sus\', \'2024-11-28\', \'1324243\', \'2024-11-19\', \'2024-11-24 19:23:50\', \'2024-11-24 19:23:50\')', 0)
 2 SYSTEMPATH\Database\BaseConnection.php(734): CodeIgniter\Database\MySQLi\Connection->execute('INSERT INTO `Empleado` (`nombreEmpleado`, `apellidoEmpleado`, `fechaREmpleado`, `telefonoEmpleado`, `fechaSEmpleado`, `created_at`, `updated_at`) VALUES (\'sus\', \'sus\', \'2024-11-28\', \'1324243\', \'2024-11-19\', \'2024-11-24 19:23:50\', \'2024-11-24 19:23:50\')')
 3 SYSTEMPATH\Database\BaseConnection.php(648): CodeIgniter\Database\BaseConnection->simpleQuery('INSERT INTO `Empleado` (`nombreEmpleado`, `apellidoEmpleado`, `fechaREmpleado`, `telefonoEmpleado`, `fechaSEmpleado`, `created_at`, `updated_at`) VALUES (\'sus\', \'sus\', \'2024-11-28\', \'1324243\', \'2024-11-19\', \'2024-11-24 19:23:50\', \'2024-11-24 19:23:50\')')
 4 SYSTEMPATH\Database\BaseBuilder.php(2340): CodeIgniter\Database\BaseConnection->query('INSERT INTO `Empleado` (`nombreEmpleado`, `apellidoEmpleado`, `fechaREmpleado`, `telefonoEmpleado`, `fechaSEmpleado`, `created_at`, `updated_at`) VALUES (:nombreEmpleado:, :apellidoEmpleado:, :fechaREmpleado:, :telefonoEmpleado:, :fechaSEmpleado:, :created_at:, :updated_at:)', [...], false)
 5 SYSTEMPATH\Model.php(394): CodeIgniter\Database\BaseBuilder->insert()
 6 SYSTEMPATH\BaseModel.php(840): CodeIgniter\Model->doInsert([...])
 7 SYSTEMPATH\Model.php(802): CodeIgniter\BaseModel->insert([...], true)
 8 APPPATH\Controllers\EmpleadoC.php(132): CodeIgniter\Model->insert([...])
 9 SYSTEMPATH\CodeIgniter.php(933): App\Controllers\EmpleadoC->insert()
10 SYSTEMPATH\CodeIgniter.php(509): CodeIgniter\CodeIgniter->runController(Object(App\Controllers\EmpleadoC))
11 SYSTEMPATH\CodeIgniter.php(355): CodeIgniter\CodeIgniter->handleRequest(null, Object(Config\Cache), false)
12 SYSTEMPATH\Boot.php(325): CodeIgniter\CodeIgniter->run()
13 SYSTEMPATH\Boot.php(67): CodeIgniter\Boot::runCodeIgniter(Object(CodeIgniter\CodeIgniter))
14 FCPATH\index.php(56): CodeIgniter\Boot::bootWeb(Object(Config\Paths))
15 SYSTEMPATH\rewrite.php(44): require_once('C:\\xampp\\htdocs\\muebleria\\public\\index.php')
